[2026-03-23 15:49:57] START csv=/home/tomoyuki/.openclaw/workspace/data/price_compare_us_ultra_strict_high_precision_only.csv sheet=価格比較_超厳密
OK
spreadsheet_id=12zYJ5EoCioy6qGe5G9pJ5VrAAzK9uCwEk707EoJM-Fk
sheet=価格比較_超厳密
rows=64
[2026-03-23 15:50:01] DONE
[2026-03-23 15:52:14] START csv=/home/tomoyuki/.openclaw/workspace/data/price_compare_us_ultra_strict_high_precision_only.csv sheet=価格比較_超厳密
OK
spreadsheet_id=12zYJ5EoCioy6qGe5G9pJ5VrAAzK9uCwEk707EoJM-Fk
sheet=価格比較_超厳密
rows=64
[2026-03-23 15:52:17] DONE
[2026-03-23 15:54:31] START csv=/home/tomoyuki/.openclaw/workspace/data/price_compare_us_ultra_strict_high_precision_only.csv sheet=価格比較_超厳密
OK
spreadsheet_id=12zYJ5EoCioy6qGe5G9pJ5VrAAzK9uCwEk707EoJM-Fk
sheet=価格比較_超厳密
rows=64
[2026-03-23 15:54:35] DONE
[2026-03-23 15:57:59] START csv=/home/tomoyuki/.openclaw/workspace/data/price_compare_us_ultra_strict_high_precision_only.csv sheet=価格比較_超厳密
OK
spreadsheet_id=12zYJ5EoCioy6qGe5G9pJ5VrAAzK9uCwEk707EoJM-Fk
sheet=価格比較_超厳密
rows=64
[2026-03-23 15:58:04] DONE
[2026-03-23 15:59:50] START csv=/home/tomoyuki/.openclaw/workspace/data/price_compare_us_ultra_strict_high_precision_only.csv sheet=価格比較_超厳密
OK
spreadsheet_id=12zYJ5EoCioy6qGe5G9pJ5VrAAzK9uCwEk707EoJM-Fk
sheet=価格比較_超厳密
rows=64
[2026-03-23 15:59:54] DONE
