OK updated /home/tomoyuki/.openclaw/workspace/memory/today-indicators.json at 2026-03-22 07:10:01 JST
OK updated /home/tomoyuki/.openclaw/workspace/memory/today-indicators.json at 2026-03-22 08:10:01 JST
WARN Weather: HTTP Error 500: Internal Server Error
OK updated /home/tomoyuki/.openclaw/workspace/memory/today-indicators.json at 2026-03-22 09:10:02 JST
WARN Weather: 'NoneType' object has no attribute 'get'
OK updated /home/tomoyuki/.openclaw/workspace/memory/today-indicators.json at 2026-03-22 10:10:01 JST
WARN Weather: 'NoneType' object has no attribute 'get'
OK updated /home/tomoyuki/.openclaw/workspace/memory/today-indicators.json at 2026-03-22 11:10:01 JST
WARN Weather: 'NoneType' object has no attribute 'get'
OK updated /home/tomoyuki/.openclaw/workspace/memory/today-indicators.json at 2026-03-22 12:10:02 JST
WARN Weather: HTTP Error 500: Internal Server Error
OK updated /home/tomoyuki/.openclaw/workspace/memory/today-indicators.json at 2026-03-22 13:10:01 JST
WARN Weather: HTTP Error 500: Internal Server Error
OK updated /home/tomoyuki/.openclaw/workspace/memory/today-indicators.json at 2026-03-22 14:10:01 JST
OK updated /home/tomoyuki/.openclaw/workspace/memory/today-indicators.json at 2026-03-22 15:10:01 JST
OK updated /home/tomoyuki/.openclaw/workspace/memory/today-indicators.json at 2026-03-22 16:10:01 JST
OK updated /home/tomoyuki/.openclaw/workspace/memory/today-indicators.json at 2026-03-22 17:10:01 JST
OK updated /home/tomoyuki/.openclaw/workspace/memory/today-indicators.json at 2026-03-22 18:10:01 JST
OK updated /home/tomoyuki/.openclaw/workspace/memory/today-indicators.json at 2026-03-22 19:10:02 JST
OK updated /home/tomoyuki/.openclaw/workspace/memory/today-indicators.json at 2026-03-22 20:10:02 JST
OK updated /home/tomoyuki/.openclaw/workspace/memory/today-indicators.json at 2026-03-22 21:10:01 JST
OK updated /home/tomoyuki/.openclaw/workspace/memory/today-indicators.json at 2026-03-22 22:10:01 JST
OK updated /home/tomoyuki/.openclaw/workspace/memory/today-indicators.json at 2026-03-22 23:10:01 JST
OK updated /home/tomoyuki/.openclaw/workspace/memory/today-indicators.json at 2026-03-23 00:10:01 JST
OK updated /home/tomoyuki/.openclaw/workspace/memory/today-indicators.json at 2026-03-23 01:10:01 JST
OK updated /home/tomoyuki/.openclaw/workspace/memory/today-indicators.json at 2026-03-23 02:10:01 JST
OK updated /home/tomoyuki/.openclaw/workspace/memory/today-indicators.json at 2026-03-23 03:10:01 JST
OK updated /home/tomoyuki/.openclaw/workspace/memory/today-indicators.json at 2026-03-23 04:10:02 JST
OK updated /home/tomoyuki/.openclaw/workspace/memory/today-indicators.json at 2026-03-23 05:10:01 JST
OK updated /home/tomoyuki/.openclaw/workspace/memory/today-indicators.json at 2026-03-23 06:10:01 JST
OK updated /home/tomoyuki/.openclaw/workspace/memory/today-indicators.json at 2026-03-23 07:10:01 JST
OK updated /home/tomoyuki/.openclaw/workspace/memory/today-indicators.json at 2026-03-23 08:10:01 JST
OK updated /home/tomoyuki/.openclaw/workspace/memory/today-indicators.json at 2026-03-23 09:10:01 JST
OK updated /home/tomoyuki/.openclaw/workspace/memory/today-indicators.json at 2026-03-23 10:10:01 JST
OK updated /home/tomoyuki/.openclaw/workspace/memory/today-indicators.json at 2026-03-23 11:10:01 JST
OK updated /home/tomoyuki/.openclaw/workspace/memory/today-indicators.json at 2026-03-23 12:10:01 JST
OK updated /home/tomoyuki/.openclaw/workspace/memory/today-indicators.json at 2026-03-23 13:10:01 JST
OK updated /home/tomoyuki/.openclaw/workspace/memory/today-indicators.json at 2026-03-23 14:10:01 JST
OK updated /home/tomoyuki/.openclaw/workspace/memory/today-indicators.json at 2026-03-23 15:10:01 JST
OK updated /home/tomoyuki/.openclaw/workspace/memory/today-indicators.json at 2026-03-23 16:10:01 JST
OK updated /home/tomoyuki/.openclaw/workspace/memory/today-indicators.json at 2026-03-23 17:10:01 JST
OK updated /home/tomoyuki/.openclaw/workspace/memory/today-indicators.json at 2026-03-23 18:10:01 JST
OK updated /home/tomoyuki/.openclaw/workspace/memory/today-indicators.json at 2026-03-23 19:10:01 JST
OK updated /home/tomoyuki/.openclaw/workspace/memory/today-indicators.json at 2026-03-23 20:10:01 JST
OK updated /home/tomoyuki/.openclaw/workspace/memory/today-indicators.json at 2026-03-23 21:10:01 JST
OK updated /home/tomoyuki/.openclaw/workspace/memory/today-indicators.json at 2026-03-23 22:10:01 JST
OK updated /home/tomoyuki/.openclaw/workspace/memory/today-indicators.json at 2026-03-23 23:10:01 JST
OK updated /home/tomoyuki/.openclaw/workspace/memory/today-indicators.json at 2026-03-24 00:10:01 JST
OK updated /home/tomoyuki/.openclaw/workspace/memory/today-indicators.json at 2026-03-24 01:10:01 JST
OK updated /home/tomoyuki/.openclaw/workspace/memory/today-indicators.json at 2026-03-24 02:10:01 JST
WARN Weather: HTTP Error 500: Internal Server Error
OK updated /home/tomoyuki/.openclaw/workspace/memory/today-indicators.json at 2026-03-24 03:10:02 JST
OK updated /home/tomoyuki/.openclaw/workspace/memory/today-indicators.json at 2026-03-24 04:10:01 JST
OK updated /home/tomoyuki/.openclaw/workspace/memory/today-indicators.json at 2026-03-24 05:10:02 JST
OK updated /home/tomoyuki/.openclaw/workspace/memory/today-indicators.json at 2026-03-24 06:10:01 JST
OK updated /home/tomoyuki/.openclaw/workspace/memory/today-indicators.json at 2026-03-24 07:10:01 JST
OK updated /home/tomoyuki/.openclaw/workspace/memory/today-indicators.json at 2026-03-24 08:10:01 JST
OK updated /home/tomoyuki/.openclaw/workspace/memory/today-indicators.json at 2026-03-24 09:10:01 JST
OK updated /home/tomoyuki/.openclaw/workspace/memory/today-indicators.json at 2026-03-24 10:10:01 JST
OK updated /home/tomoyuki/.openclaw/workspace/memory/today-indicators.json at 2026-03-24 11:10:02 JST
OK updated /home/tomoyuki/.openclaw/workspace/memory/today-indicators.json at 2026-03-24 12:10:01 JST
OK updated /home/tomoyuki/.openclaw/workspace/memory/today-indicators.json at 2026-03-24 13:10:01 JST
OK updated /home/tomoyuki/.openclaw/workspace/memory/today-indicators.json at 2026-03-24 14:10:01 JST
OK updated /home/tomoyuki/.openclaw/workspace/memory/today-indicators.json at 2026-03-24 15:10:01 JST
OK updated /home/tomoyuki/.openclaw/workspace/memory/today-indicators.json at 2026-03-24 16:10:01 JST
OK updated /home/tomoyuki/.openclaw/workspace/memory/today-indicators.json at 2026-03-24 17:10:01 JST
OK updated /home/tomoyuki/.openclaw/workspace/memory/today-indicators.json at 2026-03-24 18:10:01 JST
OK updated /home/tomoyuki/.openclaw/workspace/memory/today-indicators.json at 2026-03-24 19:10:02 JST
OK updated /home/tomoyuki/.openclaw/workspace/memory/today-indicators.json at 2026-03-24 20:10:01 JST
OK updated /home/tomoyuki/.openclaw/workspace/memory/today-indicators.json at 2026-03-24 21:10:01 JST
OK updated /home/tomoyuki/.openclaw/workspace/memory/today-indicators.json at 2026-03-24 22:10:01 JST
OK updated /home/tomoyuki/.openclaw/workspace/memory/today-indicators.json at 2026-03-24 23:10:01 JST
OK updated /home/tomoyuki/.openclaw/workspace/memory/today-indicators.json at 2026-03-25 00:10:02 JST
OK updated /home/tomoyuki/.openclaw/workspace/memory/today-indicators.json at 2026-03-25 01:10:01 JST
OK updated /home/tomoyuki/.openclaw/workspace/memory/today-indicators.json at 2026-03-25 02:10:02 JST
OK updated /home/tomoyuki/.openclaw/workspace/memory/today-indicators.json at 2026-03-25 03:10:01 JST
OK updated /home/tomoyuki/.openclaw/workspace/memory/today-indicators.json at 2026-03-25 04:10:01 JST
OK updated /home/tomoyuki/.openclaw/workspace/memory/today-indicators.json at 2026-03-25 05:10:01 JST
OK updated /home/tomoyuki/.openclaw/workspace/memory/today-indicators.json at 2026-03-25 06:10:01 JST
OK updated /home/tomoyuki/.openclaw/workspace/memory/today-indicators.json at 2026-03-25 07:10:02 JST
OK updated /home/tomoyuki/.openclaw/workspace/memory/today-indicators.json at 2026-03-25 08:10:01 JST
OK updated /home/tomoyuki/.openclaw/workspace/memory/today-indicators.json at 2026-03-25 09:10:01 JST
OK updated /home/tomoyuki/.openclaw/workspace/memory/today-indicators.json at 2026-03-25 10:10:01 JST
OK updated /home/tomoyuki/.openclaw/workspace/memory/today-indicators.json at 2026-03-25 11:10:01 JST
OK updated /home/tomoyuki/.openclaw/workspace/memory/today-indicators.json at 2026-03-25 12:10:01 JST
OK updated /home/tomoyuki/.openclaw/workspace/memory/today-indicators.json at 2026-03-25 13:10:01 JST
OK updated /home/tomoyuki/.openclaw/workspace/memory/today-indicators.json at 2026-03-25 14:10:01 JST
OK updated /home/tomoyuki/.openclaw/workspace/memory/today-indicators.json at 2026-03-25 15:10:02 JST
OK updated /home/tomoyuki/.openclaw/workspace/memory/today-indicators.json at 2026-03-25 16:10:02 JST
OK updated /home/tomoyuki/.openclaw/workspace/memory/today-indicators.json at 2026-03-25 17:10:01 JST
OK updated /home/tomoyuki/.openclaw/workspace/memory/today-indicators.json at 2026-03-25 18:10:01 JST
WARN Weather: The read operation timed out
OK updated /home/tomoyuki/.openclaw/workspace/memory/today-indicators.json at 2026-03-25 19:10:01 JST
OK updated /home/tomoyuki/.openclaw/workspace/memory/today-indicators.json at 2026-03-25 20:10:01 JST
OK updated /home/tomoyuki/.openclaw/workspace/memory/today-indicators.json at 2026-03-25 21:10:01 JST
OK updated /home/tomoyuki/.openclaw/workspace/memory/today-indicators.json at 2026-03-25 22:10:02 JST
OK updated /home/tomoyuki/.openclaw/workspace/memory/today-indicators.json at 2026-03-25 23:10:01 JST
OK updated /home/tomoyuki/.openclaw/workspace/memory/today-indicators.json at 2026-03-26 00:10:01 JST
OK updated /home/tomoyuki/.openclaw/workspace/memory/today-indicators.json at 2026-03-26 01:10:01 JST
OK updated /home/tomoyuki/.openclaw/workspace/memory/today-indicators.json at 2026-03-26 02:10:01 JST
WARN Weather: <urlopen error [Errno 111] Connection refused>
OK updated /home/tomoyuki/.openclaw/workspace/memory/today-indicators.json at 2026-03-26 03:10:01 JST
OK updated /home/tomoyuki/.openclaw/workspace/memory/today-indicators.json at 2026-03-26 04:10:01 JST
OK updated /home/tomoyuki/.openclaw/workspace/memory/today-indicators.json at 2026-03-26 05:10:01 JST
OK updated /home/tomoyuki/.openclaw/workspace/memory/today-indicators.json at 2026-03-26 06:10:01 JST
OK updated /home/tomoyuki/.openclaw/workspace/memory/today-indicators.json at 2026-03-26 07:10:01 JST
OK updated /home/tomoyuki/.openclaw/workspace/memory/today-indicators.json at 2026-03-26 08:10:01 JST
OK updated /home/tomoyuki/.openclaw/workspace/memory/today-indicators.json at 2026-03-26 09:10:01 JST
OK updated /home/tomoyuki/.openclaw/workspace/memory/today-indicators.json at 2026-03-26 10:10:01 JST
OK updated /home/tomoyuki/.openclaw/workspace/memory/today-indicators.json at 2026-03-26 11:10:01 JST
OK updated /home/tomoyuki/.openclaw/workspace/memory/today-indicators.json at 2026-03-26 12:10:01 JST
OK updated /home/tomoyuki/.openclaw/workspace/memory/today-indicators.json at 2026-03-26 13:10:01 JST
OK updated /home/tomoyuki/.openclaw/workspace/memory/today-indicators.json at 2026-03-26 14:10:01 JST
OK updated /home/tomoyuki/.openclaw/workspace/memory/today-indicators.json at 2026-03-26 15:10:01 JST
OK updated /home/tomoyuki/.openclaw/workspace/memory/today-indicators.json at 2026-03-26 16:10:01 JST
OK updated /home/tomoyuki/.openclaw/workspace/memory/today-indicators.json at 2026-03-26 17:10:01 JST
OK updated /home/tomoyuki/.openclaw/workspace/memory/today-indicators.json at 2026-03-26 18:10:01 JST
OK updated /home/tomoyuki/.openclaw/workspace/memory/today-indicators.json at 2026-03-26 19:10:01 JST
OK updated /home/tomoyuki/.openclaw/workspace/memory/today-indicators.json at 2026-03-26 20:10:01 JST
OK updated /home/tomoyuki/.openclaw/workspace/memory/today-indicators.json at 2026-03-26 21:10:01 JST
OK updated /home/tomoyuki/.openclaw/workspace/memory/today-indicators.json at 2026-03-26 22:10:01 JST
OK updated /home/tomoyuki/.openclaw/workspace/memory/today-indicators.json at 2026-03-26 23:10:01 JST
OK updated /home/tomoyuki/.openclaw/workspace/memory/today-indicators.json at 2026-03-27 00:10:01 JST
OK updated /home/tomoyuki/.openclaw/workspace/memory/today-indicators.json at 2026-03-27 01:10:01 JST
OK updated /home/tomoyuki/.openclaw/workspace/memory/today-indicators.json at 2026-03-27 02:10:01 JST
OK updated /home/tomoyuki/.openclaw/workspace/memory/today-indicators.json at 2026-03-27 03:10:01 JST
